<?xml version="1.0" encoding="UTF-8"?>
<!-- Generated by org.testng.reporters.JUnitReportReporter -->
<testsuite hostname="Akshay-PC" failures="0" tests="1" name="testcases.CalendarPageTest" time="104.858" errors="0" timestamp="12 Jun 2019 10:52:39 GMT" skipped="0">
  <testcase classname="testcases.CalendarPageTest" name="selectMonthTest" time="104.858"/>
</testsuite> <!-- testcases.CalendarPageTest -->
