<?xml version="1.0" encoding="UTF-8"?>
<!-- Generated by org.testng.reporters.JUnitReportReporter -->
<testsuite hostname="Akshay-PC" failures="0" tests="1" name="testcases.SignUpPageTest" time="38.118" errors="0" timestamp="25 Jun 2019 04:28:18 GMT" skipped="0">
  <testcase classname="testcases.SignUpPageTest" name="signupTest" time="38.118"/>
</testsuite> <!-- testcases.SignUpPageTest -->
